app/build/intermediates/manifest_merge_blame_file/debug/manifest-merger-blame-debug-report.txt
1<?xml version="1.0" encoding="utf-8"?>
2<manifest xmlns:android="http://schemas.android.com/apk/res/android"
3    package="com.startng.newsapp"
4    android:versionCode="1"
5    android:versionName="1.0" >
6
7    <uses-sdk
8        android:minSdkVersion="18"
8-->src\main\AndroidManifest.xml
9        android:targetSdkVersion="29" />
9-->src\main\AndroidManifest.xml
10
11    <uses-permission android:name="android.permission.INTERNET" /> <!-- Although the *SdkVersion is captured in gradle build files, this is required for non gradle builds -->
11-->[com.firebaseui:firebase-ui-firestore:4.1.0] AndroidManifest.xml:11:5-67
11-->[com.firebaseui:firebase-ui-firestore:4.1.0] AndroidManifest.xml:11:22-64
12    <!-- <uses-sdk android:minSdkVersion="14" /> -->
13    <uses-permission android:name="android.permission.ACCESS_NETWORK_STATE" />
13-->[com.google.firebase:firebase-firestore:21.4.3] AndroidManifest.xml:13:5-79
13-->[com.google.firebase:firebase-firestore:21.4.3] AndroidManifest.xml:13:22-76
14    <uses-permission android:name="android.permission.WAKE_LOCK" /> <!-- Required by older versions of Google Play services to create IID tokens -->
14-->[com.google.android.gms:play-services-measurement-api:17.4.0] AndroidManifest.xml:24:5-68
14-->[com.google.android.gms:play-services-measurement-api:17.4.0] AndroidManifest.xml:24:22-65
15    <uses-permission android:name="com.google.android.c2dm.permission.RECEIVE" />
15-->[com.google.firebase:firebase-iid:20.1.5] AndroidManifest.xml:26:5-82
15-->[com.google.firebase:firebase-iid:20.1.5] AndroidManifest.xml:26:22-79
16    <uses-permission android:name="com.google.android.finsky.permission.BIND_GET_INSTALL_REFERRER_SERVICE" />
16-->[com.google.android.gms:play-services-measurement:17.4.0] AndroidManifest.xml:26:5-110
16-->[com.google.android.gms:play-services-measurement:17.4.0] AndroidManifest.xml:26:22-107
17
18    <application
18-->src\main\AndroidManifest.xml:5:5-45:19
19        android:name="androidx.multidex.MultiDexApplication"
20        android:allowBackup="true"
20-->src\main\AndroidManifest.xml:6:9-35
21        android:appComponentFactory="androidx.core.app.CoreComponentFactory"
21-->[androidx.core:core:1.1.0] AndroidManifest.xml:24:18-86
22        android:debuggable="true"
23        android:icon="@mipmap/ic_launcher"
23-->src\main\AndroidManifest.xml:7:9-43
24        android:label="@string/app_name"
24-->src\main\AndroidManifest.xml:8:9-41
25        android:roundIcon="@mipmap/ic_launcher_round"
25-->src\main\AndroidManifest.xml:9:9-54
26        android:supportsRtl="true"
26-->src\main\AndroidManifest.xml:10:9-35
27        android:testOnly="true"
28        android:theme="@style/AppTheme" >
28-->src\main\AndroidManifest.xml:11:9-40
29        <activity
29-->src\main\AndroidManifest.xml:12:9-18:20
30            android:name="com.startng.newsapp.SplashScreen"
30-->src\main\AndroidManifest.xml:12:19-47
31            android:theme="@style/AppTheme.NoActionBar" >
31-->src\main\AndroidManifest.xml:12:48-91
32            <intent-filter>
32-->src\main\AndroidManifest.xml:13:13-17:29
33                <action android:name="android.intent.action.MAIN" />
33-->src\main\AndroidManifest.xml:14:17-69
33-->src\main\AndroidManifest.xml:14:25-66
34
35                <category android:name="android.intent.category.LAUNCHER" />
35-->src\main\AndroidManifest.xml:16:17-77
35-->src\main\AndroidManifest.xml:16:27-74
36            </intent-filter>
37        </activity>
38        <activity android:name="com.startng.newsapp.authentication.Register" >
38-->src\main\AndroidManifest.xml:19:9-23:20
38-->src\main\AndroidManifest.xml:20:13-52
39        </activity>
40        <activity android:name="com.startng.newsapp.authentication.Login" />
40-->src\main\AndroidManifest.xml:24:9-26:15
40-->src\main\AndroidManifest.xml:25:13-49
41        <activity
41-->src\main\AndroidManifest.xml:27:9-29:59
42            android:name="com.startng.newsapp.Jotter.AddJotter"
42-->src\main\AndroidManifest.xml:28:13-45
43            android:theme="@style/AppTheme.NoActionBar" />
43-->src\main\AndroidManifest.xml:29:13-56
44        <activity
44-->src\main\AndroidManifest.xml:30:9-32:59
45            android:name="com.startng.newsapp.Jotter.EditJotter"
45-->src\main\AndroidManifest.xml:31:13-46
46            android:theme="@style/AppTheme.NoActionBar" />
46-->src\main\AndroidManifest.xml:32:13-56
47        <activity
47-->src\main\AndroidManifest.xml:33:9-35:59
48            android:name="com.startng.newsapp.Jotter.JotterDetails"
48-->src\main\AndroidManifest.xml:34:13-49
49            android:theme="@style/AppTheme.NoActionBar" />
49-->src\main\AndroidManifest.xml:35:13-56
50        <activity
50-->src\main\AndroidManifest.xml:36:9-40:20
51            android:name="com.startng.newsapp.MainActivity"
51-->src\main\AndroidManifest.xml:37:13-41
52            android:theme="@style/AppTheme.NoActionBar" >
52-->src\main\AndroidManifest.xml:38:13-56
53        </activity>
54
55        <meta-data
55-->src\main\AndroidManifest.xml:42:9-44:57
56            android:name="preloaded_fonts"
56-->src\main\AndroidManifest.xml:43:13-43
57            android:resource="@array/preloaded_fonts" />
57-->src\main\AndroidManifest.xml:44:13-54
58
59        <activity
59-->[com.google.firebase:firebase-auth:19.3.1] AndroidManifest.xml:24:9-31:50
60            android:name="com.google.firebase.auth.internal.FederatedSignInActivity"
60-->[com.google.firebase:firebase-auth:19.3.1] AndroidManifest.xml:25:13-85
61            android:excludeFromRecents="true"
61-->[com.google.firebase:firebase-auth:19.3.1] AndroidManifest.xml:26:13-46
62            android:exported="true"
62-->[com.google.firebase:firebase-auth:19.3.1] AndroidManifest.xml:27:13-36
63            android:launchMode="singleTask"
63-->[com.google.firebase:firebase-auth:19.3.1] AndroidManifest.xml:28:13-44
64            android:permission="com.google.firebase.auth.api.gms.permission.LAUNCH_FEDERATED_SIGN_IN"
64-->[com.google.firebase:firebase-auth:19.3.1] AndroidManifest.xml:29:13-102
65            android:theme="@android:style/Theme.Translucent.NoTitleBar" />
65-->[com.google.firebase:firebase-auth:19.3.1] AndroidManifest.xml:30:13-72
66
67        <service
67-->[com.google.firebase:firebase-auth:19.3.1] AndroidManifest.xml:33:9-39:19
68            android:name="com.google.firebase.components.ComponentDiscoveryService"
68-->[com.google.firebase:firebase-auth:19.3.1] AndroidManifest.xml:34:13-84
69            android:directBootAware="true"
69-->[com.google.firebase:firebase-common:19.3.0] AndroidManifest.xml:34:13-43
70            android:exported="false" >
70-->[com.google.firebase:firebase-auth:19.3.1] AndroidManifest.xml:35:13-37
71            <meta-data
71-->[com.google.firebase:firebase-auth:19.3.1] AndroidManifest.xml:36:13-38:85
72                android:name="com.google.firebase.components:com.google.firebase.auth.FirebaseAuthRegistrar"
72-->[com.google.firebase:firebase-auth:19.3.1] AndroidManifest.xml:37:17-109
73                android:value="com.google.firebase.components.ComponentRegistrar" />
73-->[com.google.firebase:firebase-auth:19.3.1] AndroidManifest.xml:38:17-82
74            <meta-data
74-->[com.google.firebase:firebase-firestore:21.4.3] AndroidManifest.xml:20:13-22:85
75                android:name="com.google.firebase.components:com.google.firebase.firestore.FirestoreRegistrar"
75-->[com.google.firebase:firebase-firestore:21.4.3] AndroidManifest.xml:21:17-111
76                android:value="com.google.firebase.components.ComponentRegistrar" />
76-->[com.google.firebase:firebase-firestore:21.4.3] AndroidManifest.xml:22:17-82
77            <meta-data
77-->[com.google.android.gms:play-services-measurement-api:17.4.0] AndroidManifest.xml:30:13-32:85
78                android:name="com.google.firebase.components:com.google.firebase.analytics.connector.internal.AnalyticsConnectorRegistrar"
78-->[com.google.android.gms:play-services-measurement-api:17.4.0] AndroidManifest.xml:31:17-139
79                android:value="com.google.firebase.components.ComponentRegistrar" />
79-->[com.google.android.gms:play-services-measurement-api:17.4.0] AndroidManifest.xml:32:17-82
80            <meta-data
80-->[com.google.firebase:firebase-iid:20.1.5] AndroidManifest.xml:32:13-34:85
81                android:name="com.google.firebase.components:com.google.firebase.iid.Registrar"
81-->[com.google.firebase:firebase-iid:20.1.5] AndroidManifest.xml:33:17-96
82                android:value="com.google.firebase.components.ComponentRegistrar" />
82-->[com.google.firebase:firebase-iid:20.1.5] AndroidManifest.xml:34:17-82
83            <meta-data
83-->[com.google.firebase:firebase-installations:16.2.1] AndroidManifest.xml:17:13-19:85
84                android:name="com.google.firebase.components:com.google.firebase.installations.FirebaseInstallationsRegistrar"
84-->[com.google.firebase:firebase-installations:16.2.1] AndroidManifest.xml:18:17-127
85                android:value="com.google.firebase.components.ComponentRegistrar" />
85-->[com.google.firebase:firebase-installations:16.2.1] AndroidManifest.xml:19:17-82
86        </service>
87
88        <receiver
88-->[com.google.firebase:firebase-iid:20.1.5] AndroidManifest.xml:37:9-44:20
89            android:name="com.google.firebase.iid.FirebaseInstanceIdReceiver"
89-->[com.google.firebase:firebase-iid:20.1.5] AndroidManifest.xml:38:13-78
90            android:exported="true"
90-->[com.google.firebase:firebase-iid:20.1.5] AndroidManifest.xml:39:13-36
91            android:permission="com.google.android.c2dm.permission.SEND" >
91-->[com.google.firebase:firebase-iid:20.1.5] AndroidManifest.xml:40:13-73
92            <intent-filter>
92-->[com.google.firebase:firebase-iid:20.1.5] AndroidManifest.xml:41:13-43:29
93                <action android:name="com.google.android.c2dm.intent.RECEIVE" />
93-->[com.google.firebase:firebase-iid:20.1.5] AndroidManifest.xml:42:17-81
93-->[com.google.firebase:firebase-iid:20.1.5] AndroidManifest.xml:42:25-78
94            </intent-filter>
95        </receiver>
96
97        <activity
97-->[com.google.android.gms:play-services-base:17.1.0] AndroidManifest.xml:23:9-26:75
98            android:name="com.google.android.gms.common.api.GoogleApiActivity"
98-->[com.google.android.gms:play-services-base:17.1.0] AndroidManifest.xml:24:13-79
99            android:exported="false"
99-->[com.google.android.gms:play-services-base:17.1.0] AndroidManifest.xml:25:13-37
100            android:theme="@android:style/Theme.Translucent.NoTitleBar" />
100-->[com.google.android.gms:play-services-base:17.1.0] AndroidManifest.xml:26:13-72
101
102        <provider
102-->[com.google.firebase:firebase-common:19.3.0] AndroidManifest.xml:26:9-30:39
103            android:name="com.google.firebase.provider.FirebaseInitProvider"
103-->[com.google.firebase:firebase-common:19.3.0] AndroidManifest.xml:27:13-77
104            android:authorities="com.startng.newsapp.firebaseinitprovider"
104-->[com.google.firebase:firebase-common:19.3.0] AndroidManifest.xml:28:13-72
105            android:exported="false"
105-->[com.google.firebase:firebase-common:19.3.0] AndroidManifest.xml:29:13-37
106            android:initOrder="100" />
106-->[com.google.firebase:firebase-common:19.3.0] AndroidManifest.xml:30:13-36
107
108        <receiver
108-->[com.google.android.gms:play-services-measurement:17.4.0] AndroidManifest.xml:29:9-33:20
109            android:name="com.google.android.gms.measurement.AppMeasurementReceiver"
109-->[com.google.android.gms:play-services-measurement:17.4.0] AndroidManifest.xml:30:13-85
110            android:enabled="true"
110-->[com.google.android.gms:play-services-measurement:17.4.0] AndroidManifest.xml:31:13-35
111            android:exported="false" >
111-->[com.google.android.gms:play-services-measurement:17.4.0] AndroidManifest.xml:32:13-37
112        </receiver>
113
114        <service
114-->[com.google.android.gms:play-services-measurement:17.4.0] AndroidManifest.xml:35:9-38:40
115            android:name="com.google.android.gms.measurement.AppMeasurementService"
115-->[com.google.android.gms:play-services-measurement:17.4.0] AndroidManifest.xml:36:13-84
116            android:enabled="true"
116-->[com.google.android.gms:play-services-measurement:17.4.0] AndroidManifest.xml:37:13-35
117            android:exported="false" />
117-->[com.google.android.gms:play-services-measurement:17.4.0] AndroidManifest.xml:38:13-37
118        <service
118-->[com.google.android.gms:play-services-measurement:17.4.0] AndroidManifest.xml:39:9-43:72
119            android:name="com.google.android.gms.measurement.AppMeasurementJobService"
119-->[com.google.android.gms:play-services-measurement:17.4.0] AndroidManifest.xml:40:13-87
120            android:enabled="true"
120-->[com.google.android.gms:play-services-measurement:17.4.0] AndroidManifest.xml:41:13-35
121            android:exported="false"
121-->[com.google.android.gms:play-services-measurement:17.4.0] AndroidManifest.xml:42:13-37
122            android:permission="android.permission.BIND_JOB_SERVICE" />
122-->[com.google.android.gms:play-services-measurement:17.4.0] AndroidManifest.xml:43:13-69
123
124        <meta-data
124-->[com.google.android.gms:play-services-basement:17.0.0] AndroidManifest.xml:23:9-25:69
125            android:name="com.google.android.gms.version"
125-->[com.google.android.gms:play-services-basement:17.0.0] AndroidManifest.xml:24:13-58
126            android:value="@integer/google_play_services_version" />
126-->[com.google.android.gms:play-services-basement:17.0.0] AndroidManifest.xml:25:13-66
127    </application>
128
129</manifest>